================================================================================
SITE CONTENT EXPORT STATISTICS
================================================================================
Execution Time:   2025-11-26 02:46:14
Target Directory: ~/xynapz/angeld.me/site-content/
Total Documents:  13
Total Size:       37k

Document List:
- arena-allocator.org (2.6k, 2025-11-25 22:16:42)
- data-alignment.org (2.4k, 2025-11-26 02:28:50)
- index.org (1.2k, 2025-11-25 22:17:01)
- index.org (1.4k, 2025-11-26 00:27:28)
- hash-table.org (3.2k, 2025-11-25 22:56:16)
- index.org (644, 2025-11-25 22:56:34)
- index.org (1007, 2025-11-25 23:00:09)
- mdpr.org (2.2k, 2025-11-25 22:18:41)
- pong-mania.org (2.6k, 2025-11-25 00:49:33)
- but-how-do-it-know-notes.org (1.8k, 2025-11-25 20:37:51)
- chaos-to-config-mastering-bash-to-tame-the-arch.org (1.4k, 2025-11-25 23:04:55)
- operating-systems-three-easy-pieces.org (2.2k, 2025-11-25 23:02:54)
- setting-up-org-mode-pdf-export-on-arch-linux.org (14k, 2025-11-26 02:23:19)
================================================================================
[LOGS START]
[2025-11-26 02:46:14] [INFO] Starting site content export...
[2025-11-26 02:46:14] [INFO] Processing arena-allocator.org...
[2025-11-26 02:46:14] [INFO] Successfully exported arena-allocator.org
[2025-11-26 02:46:14] [INFO] Processing data-alignment.org...
[2025-11-26 02:46:14] [INFO] Successfully exported data-alignment.org
[2025-11-26 02:46:14] [INFO] Processing index.org...
[2025-11-26 02:46:14] [INFO] Successfully exported index.org
[2025-11-26 02:46:14] [INFO] Processing index.org...
[2025-11-26 02:46:14] [INFO] Successfully exported index.org
[2025-11-26 02:46:14] [INFO] Processing hash-table.org...
[2025-11-26 02:46:14] [INFO] Successfully exported hash-table.org
[2025-11-26 02:46:14] [INFO] Processing index.org...
[2025-11-26 02:46:14] [INFO] Successfully exported index.org
[2025-11-26 02:46:14] [INFO] Processing index.org...
[2025-11-26 02:46:14] [INFO] Successfully exported index.org
[2025-11-26 02:46:14] [INFO] Processing mdpr.org...
[2025-11-26 02:46:14] [INFO] Successfully exported mdpr.org
[2025-11-26 02:46:14] [INFO] Processing pong-mania.org...
[2025-11-26 02:46:14] [INFO] Successfully exported pong-mania.org
[2025-11-26 02:46:14] [INFO] Processing but-how-do-it-know-notes.org...
[2025-11-26 02:46:15] [INFO] Successfully exported but-how-do-it-know-notes.org
[2025-11-26 02:46:15] [INFO] Processing chaos-to-config-mastering-bash-to-tame-the-arch.org...
[2025-11-26 02:46:15] [INFO] Successfully exported chaos-to-config-mastering-bash-to-tame-the-arch.org
[2025-11-26 02:46:15] [INFO] Processing operating-systems-three-easy-pieces.org...
[2025-11-26 02:46:15] [INFO] Successfully exported operating-systems-three-easy-pieces.org
[2025-11-26 02:46:15] [INFO] Processing setting-up-org-mode-pdf-export-on-arch-linux.org...
[2025-11-26 02:46:15] [INFO] Successfully exported setting-up-org-mode-pdf-export-on-arch-linux.org
[2025-11-26 02:46:15] [INFO] Export complete. Success: 13, Failed: 0
