[2025-11-25 23:20:53] [INFO] Starting site content export...
[2025-11-25 23:20:53] [INFO] Processing arena-allocator.org...
[2025-11-25 23:20:53] [INFO] Successfully exported arena-allocator.org
[2025-11-25 23:20:53] [INFO] Processing data-alignment.org...
[2025-11-25 23:20:53] [INFO] Successfully exported data-alignment.org
[2025-11-25 23:20:53] [INFO] Processing index.org...
[2025-11-25 23:20:53] [INFO] Successfully exported index.org
[2025-11-25 23:20:53] [INFO] Processing index.org...
[2025-11-25 23:20:53] [INFO] Successfully exported index.org
[2025-11-25 23:20:53] [INFO] Processing test-features.org...
[2025-11-25 23:20:53] [INFO] Successfully exported test-features.org
[2025-11-25 23:20:53] [INFO] Processing test-sidenotes.org...
[2025-11-25 23:20:54] [INFO] Successfully exported test-sidenotes.org
[2025-11-25 23:20:54] [INFO] Processing hash-table.org...
[2025-11-25 23:20:54] [INFO] Successfully exported hash-table.org
[2025-11-25 23:20:54] [INFO] Processing index.org...
[2025-11-25 23:20:54] [INFO] Successfully exported index.org
[2025-11-25 23:20:54] [INFO] Processing index.org...
[2025-11-25 23:20:54] [INFO] Successfully exported index.org
[2025-11-25 23:20:54] [INFO] Processing mdpr.org...
[2025-11-25 23:20:54] [INFO] Successfully exported mdpr.org
[2025-11-25 23:20:54] [INFO] Processing pong-mania.org...
[2025-11-25 23:20:54] [INFO] Successfully exported pong-mania.org
[2025-11-25 23:20:54] [INFO] Processing but-how-do-it-know-notes.org...
[2025-11-25 23:20:54] [INFO] Successfully exported but-how-do-it-know-notes.org
[2025-11-25 23:20:54] [INFO] Processing chaos-to-config-mastering-bash-to-tame-the-arch.org...
[2025-11-25 23:20:54] [INFO] Successfully exported chaos-to-config-mastering-bash-to-tame-the-arch.org
[2025-11-25 23:20:54] [INFO] Processing operating-systems-three-easy-pieces.org...
[2025-11-25 23:20:54] [INFO] Successfully exported operating-systems-three-easy-pieces.org
[2025-11-25 23:20:54] [INFO] Export complete. Success: 14, Failed: 0
